<?xml version="1.0" encoding="UTF-8"?>
<testng-results ignored="0" total="16" passed="15" failed="1" skipped="0">
  <reporter-output>
  </reporter-output>
  <suite started-at="2023-05-17T20:27:51 PST" name="Default suite" finished-at="2023-05-17T20:29:20 PST" duration-ms="88572">
    <groups>
    </groups>
    <test started-at="2023-05-17T20:27:51 PST" name="Default test" finished-at="2023-05-17T20:29:20 PST" duration-ms="88572">
      <class name="tests.TestIOS">
        <test-method is-config="true" signature="beforeSuite()[pri:0, instance:tests.TestIOS@61710c6]" started-at="2023-05-17T20:27:46 PST" name="beforeSuite" finished-at="2023-05-17T20:27:51 PST" duration-ms="5252" status="PASS">
          <reporter-output>
          </reporter-output>
        </test-method> <!-- beforeSuite -->
        <test-method is-config="true" signature="beforeClass()[pri:0, instance:tests.TestIOS@61710c6]" started-at="2023-05-17T20:27:51 PST" name="beforeClass" finished-at="2023-05-17T20:28:00 PST" duration-ms="8594" status="PASS">
          <reporter-output>
          </reporter-output>
        </test-method> <!-- beforeClass -->
        <test-method signature="UI_01()[pri:1, instance:tests.TestIOS@61710c6]" started-at="2023-05-17T20:28:00 PST" name="UI_01" finished-at="2023-05-17T20:28:04 PST" duration-ms="3656" status="PASS">
          <reporter-output>
          </reporter-output>
        </test-method> <!-- UI_01 -->
        <test-method signature="UI_02()[pri:2, instance:tests.TestIOS@61710c6]" started-at="2023-05-17T20:28:04 PST" name="UI_02" finished-at="2023-05-17T20:28:05 PST" duration-ms="1572" status="PASS">
          <reporter-output>
          </reporter-output>
        </test-method> <!-- UI_02 -->
        <test-method signature="UI_03()[pri:3, instance:tests.TestIOS@61710c6]" started-at="2023-05-17T20:28:05 PST" name="UI_03" finished-at="2023-05-17T20:28:09 PST" duration-ms="3790" status="FAIL">
          <exception class="java.lang.AssertionError">
            <message>
              <![CDATA[expected [true] but found [false]]]>
            </message>
            <full-stacktrace>
              <![CDATA[java.lang.AssertionError: expected [true] but found [false]
at org.testng.Assert.fail(Assert.java:99)
at org.testng.Assert.failNotEquals(Assert.java:1037)
at org.testng.Assert.assertTrue(Assert.java:45)
at org.testng.Assert.assertTrue(Assert.java:55)
at tests.TestIOS.UI_03(TestIOS.java:86)
at java.base/jdk.internal.reflect.NativeMethodAccessorImpl.invoke0(Native Method)
at java.base/jdk.internal.reflect.NativeMethodAccessorImpl.invoke(NativeMethodAccessorImpl.java:77)
at java.base/jdk.internal.reflect.DelegatingMethodAccessorImpl.invoke(DelegatingMethodAccessorImpl.java:43)
at java.base/java.lang.reflect.Method.invoke(Method.java:568)
at org.testng.internal.MethodInvocationHelper.invokeMethod(MethodInvocationHelper.java:133)
at org.testng.internal.TestInvoker.invokeMethod(TestInvoker.java:598)
at org.testng.internal.TestInvoker.invokeTestMethod(TestInvoker.java:173)
at org.testng.internal.MethodRunner.runInSequence(MethodRunner.java:46)
at org.testng.internal.TestInvoker$MethodInvocationAgent.invoke(TestInvoker.java:824)
at org.testng.internal.TestInvoker.invokeTestMethods(TestInvoker.java:146)
at org.testng.internal.TestMethodWorker.invokeTestMethods(TestMethodWorker.java:146)
at org.testng.internal.TestMethodWorker.run(TestMethodWorker.java:128)
at java.base/java.util.ArrayList.forEach(ArrayList.java:1511)
at org.testng.TestRunner.privateRun(TestRunner.java:794)
at org.testng.TestRunner.run(TestRunner.java:596)
at org.testng.SuiteRunner.runTest(SuiteRunner.java:377)
at org.testng.SuiteRunner.runSequentially(SuiteRunner.java:371)
at org.testng.SuiteRunner.privateRun(SuiteRunner.java:332)
at org.testng.SuiteRunner.run(SuiteRunner.java:276)
at org.testng.SuiteRunnerWorker.runSuite(SuiteRunnerWorker.java:53)
at org.testng.SuiteRunnerWorker.run(SuiteRunnerWorker.java:96)
at org.testng.TestNG.runSuitesSequentially(TestNG.java:1212)
at org.testng.TestNG.runSuitesLocally(TestNG.java:1134)
at org.testng.TestNG.runSuites(TestNG.java:1063)
at org.testng.TestNG.run(TestNG.java:1031)
at org.testng.remote.AbstractRemoteTestNG.run(AbstractRemoteTestNG.java:115)
at org.testng.remote.RemoteTestNG.initAndRun(RemoteTestNG.java:251)
at org.testng.remote.RemoteTestNG.main(RemoteTestNG.java:77)
]]>
            </full-stacktrace>
          </exception> <!-- java.lang.AssertionError -->
          <reporter-output>
          </reporter-output>
        </test-method> <!-- UI_03 -->
        <test-method signature="UI_04()[pri:4, instance:tests.TestIOS@61710c6]" started-at="2023-05-17T20:28:09 PST" name="UI_04" finished-at="2023-05-17T20:28:15 PST" duration-ms="6387" status="PASS">
          <reporter-output>
          </reporter-output>
        </test-method> <!-- UI_04 -->
        <test-method signature="UI_05()[pri:5, instance:tests.TestIOS@61710c6]" started-at="2023-05-17T20:28:15 PST" name="UI_05" finished-at="2023-05-17T20:28:18 PST" duration-ms="2845" status="PASS">
          <reporter-output>
          </reporter-output>
        </test-method> <!-- UI_05 -->
        <test-method signature="UI_06()[pri:6, instance:tests.TestIOS@61710c6]" started-at="2023-05-17T20:28:18 PST" name="UI_06" finished-at="2023-05-17T20:28:21 PST" duration-ms="3259" status="PASS">
          <reporter-output>
          </reporter-output>
        </test-method> <!-- UI_06 -->
        <test-method signature="UI_07()[pri:7, instance:tests.TestIOS@61710c6]" started-at="2023-05-17T20:28:21 PST" name="UI_07" finished-at="2023-05-17T20:28:34 PST" duration-ms="12259" status="PASS">
          <reporter-output>
          </reporter-output>
        </test-method> <!-- UI_07 -->
        <test-method signature="UI_08()[pri:8, instance:tests.TestIOS@61710c6]" started-at="2023-05-17T20:28:34 PST" name="UI_08" finished-at="2023-05-17T20:28:43 PST" duration-ms="9120" status="PASS">
          <reporter-output>
          </reporter-output>
        </test-method> <!-- UI_08 -->
        <test-method signature="UI_09()[pri:9, instance:tests.TestIOS@61710c6]" started-at="2023-05-17T20:28:43 PST" name="UI_09" finished-at="2023-05-17T20:28:48 PST" duration-ms="4947" status="PASS">
          <reporter-output>
          </reporter-output>
        </test-method> <!-- UI_09 -->
        <test-method signature="UI_10()[pri:10, instance:tests.TestIOS@61710c6]" started-at="2023-05-17T20:28:48 PST" name="UI_10" finished-at="2023-05-17T20:28:52 PST" duration-ms="4572" status="PASS">
          <reporter-output>
          </reporter-output>
        </test-method> <!-- UI_10 -->
        <test-method signature="UI_11()[pri:11, instance:tests.TestIOS@61710c6]" started-at="2023-05-17T20:28:52 PST" name="UI_11" finished-at="2023-05-17T20:28:56 PST" duration-ms="3685" status="PASS">
          <reporter-output>
          </reporter-output>
        </test-method> <!-- UI_11 -->
        <test-method signature="UI_12()[pri:12, instance:tests.TestIOS@61710c6]" started-at="2023-05-17T20:28:56 PST" name="UI_12" finished-at="2023-05-17T20:28:58 PST" duration-ms="2396" status="PASS">
          <reporter-output>
          </reporter-output>
        </test-method> <!-- UI_12 -->
        <test-method signature="UI_13()[pri:13, instance:tests.TestIOS@61710c6]" started-at="2023-05-17T20:28:58 PST" name="UI_13" finished-at="2023-05-17T20:29:06 PST" duration-ms="7791" status="PASS">
          <reporter-output>
          </reporter-output>
        </test-method> <!-- UI_13 -->
        <test-method signature="UI_14()[pri:14, instance:tests.TestIOS@61710c6]" started-at="2023-05-17T20:29:06 PST" name="UI_14" finished-at="2023-05-17T20:29:10 PST" duration-ms="3573" status="PASS">
          <reporter-output>
          </reporter-output>
        </test-method> <!-- UI_14 -->
        <test-method signature="UI_15()[pri:15, instance:tests.TestIOS@61710c6]" started-at="2023-05-17T20:29:10 PST" name="UI_15" finished-at="2023-05-17T20:29:15 PST" duration-ms="5014" status="PASS">
          <reporter-output>
          </reporter-output>
        </test-method> <!-- UI_15 -->
        <test-method signature="UI_17()[pri:16, instance:tests.TestIOS@61710c6]" started-at="2023-05-17T20:29:15 PST" name="UI_17" finished-at="2023-05-17T20:29:19 PST" duration-ms="3839" status="PASS">
          <reporter-output>
          </reporter-output>
        </test-method> <!-- UI_17 -->
        <test-method is-config="true" signature="afterClass()[pri:0, instance:tests.TestIOS@61710c6]" started-at="2023-05-17T20:29:19 PST" name="afterClass" finished-at="2023-05-17T20:29:20 PST" duration-ms="1158" status="PASS">
          <reporter-output>
          </reporter-output>
        </test-method> <!-- afterClass -->
        <test-method is-config="true" signature="afterSuite()[pri:0, instance:tests.TestIOS@61710c6]" started-at="2023-05-17T20:29:25 PST" name="afterSuite" finished-at="2023-05-17T20:29:25 PST" duration-ms="274" status="PASS">
          <reporter-output>
          </reporter-output>
        </test-method> <!-- afterSuite -->
      </class> <!-- tests.TestIOS -->
    </test> <!-- Default test -->
  </suite> <!-- Default suite -->
</testng-results>
